<?xml version="1.0" encoding="UTF-8"?>
<testsuites name="jest tests" tests="2" failures="0" errors="0" time="0.604">
  <testsuite name="src/__tests__/App.test.tsx" errors="0" failures="0" skipped="0" timestamp="2022-02-09T20:37:04" time="0.456" tests="1">
    <testcase classname=" true" name=" true" time="0.001">
    </testcase>
  </testsuite>
  <testsuite name="src/__tests__/LangSwitcher.text.tsx" errors="0" failures="0" skipped="0" timestamp="2022-02-09T20:37:04" time="0.078" tests="1">
    <testcase classname=" true" name=" true" time="0">
    </testcase>
  </testsuite>
</testsuites>